1695524990148:findAllBooks
1695525014466:find-all-books
1695525076611:help
1695525091392:stacktrace
1695525464747:find-all-books
1695525483086:save-book
1695525510129:save-book abc wolber 2023
1695525519152:find-all-books
1699479988080:save-book "The Idiot" "Dostoyevsky" 1923
1699480009994:find-all-books
1699516233675:save-book
1699516241166:save-book "The Idiot" "Dostoyevsky" 1923
1699516280268:./mvnw -DskipTests package appengine:deploy
1699516345406:find-all-books
1699902381322:save-book "The Idiot" "Dostoyevsky" 1923
1700084961803:findfindAllBooks
1700084967002:findAllBooks
1700084988139:/find-all-books
1700084990765:find-all-books
1700089560365:find-by-author <TestName05>
1701077340089:find-all-books
1701298063581:save-book "The Idiot" "Dostoyevsky" 1923 xuetingdeng0112
1701298073816:find-all-books
